{
  "uid" : "4c6368e0e6930870",
  "name" : "Running the main test",
  "fullName" : "FluentAPI.FluentDemoqaTests.MainTest",
  "historyId" : "a0d648e6d1e43a5bee88698f033a1827",
  "time" : {
    "start" : 1632507556521,
    "stop" : 1632507563088,
    "duration" : 6567
  },
  "status" : "failed",
  "statusMessage" : "Element should have text '_gender' {body > div.fade.modal.show > div > div > div.modal-body > div > table > tbody > tr:nth-child(3) > td:nth-child(2)}\r\nElement: '<td>Male</td>'\r\nScreenshot: file:/D:/Coding/Test%20Automation/TBC/designPatterns_homework2/build/reports/tests/1632507562762.0.png\r\nTimeout: 4 s.",
  "statusTrace" : "com.codeborne.selenide.ex.SoftAssertionError: Element should have text '_gender' {body > div.fade.modal.show > div > div > div.modal-body > div > table > tbody > tr:nth-child(3) > td:nth-child(2)}\r\nElement: '<td>Male</td>'\r\nScreenshot: file:/D:/Coding/Test%20Automation/TBC/designPatterns_homework2/build/reports/tests/1632507562762.0.png\r\nTimeout: 4 s.\r\n\tat com.codeborne.selenide.logevents.ErrorsCollector.failIfErrors(ErrorsCollector.java:52)\r\n\tat com.codeborne.selenide.testng.SoftAsserts.failIfErrors(SoftAsserts.java:85)\r\n\tat com.codeborne.selenide.testng.SoftAsserts.onTestSuccess(SoftAsserts.java:39)\r\n\tat org.testng.internal.TestListenerHelper.runTestListeners(TestListenerHelper.java:100)\r\n\tat org.testng.internal.TestInvoker.runTestResultListener(TestInvoker.java:219)\r\n\tat org.testng.internal.TestInvoker.invokeMethod(TestInvoker.java:656)\r\n\tat org.testng.internal.TestInvoker.invokeTestMethod(TestInvoker.java:173)\r\n\tat org.testng.internal.MethodRunner.runInSequence(MethodRunner.java:46)\r\n\tat org.testng.internal.TestInvoker$MethodInvocationAgent.invoke(TestInvoker.java:824)\r\n\tat org.testng.internal.TestInvoker.invokeTestMethods(TestInvoker.java:146)\r\n\tat org.testng.internal.TestMethodWorker.invokeTestMethods(TestMethodWorker.java:146)\r\n\tat org.testng.internal.TestMethodWorker.run(TestMethodWorker.java:128)\r\n\tat java.base/java.util.ArrayList.forEach(ArrayList.java:1511)\r\n\tat org.testng.TestRunner.privateRun(TestRunner.java:794)\r\n\tat org.testng.TestRunner.run(TestRunner.java:596)\r\n\tat org.testng.SuiteRunner.runTest(SuiteRunner.java:377)\r\n\tat org.testng.SuiteRunner.runSequentially(SuiteRunner.java:371)\r\n\tat org.testng.SuiteRunner.privateRun(SuiteRunner.java:332)\r\n\tat org.testng.SuiteRunner.run(SuiteRunner.java:276)\r\n\tat org.testng.SuiteRunnerWorker.runSuite(SuiteRunnerWorker.java:53)\r\n\tat org.testng.SuiteRunnerWorker.run(SuiteRunnerWorker.java:96)\r\n\tat org.testng.TestNG.runSuitesSequentially(TestNG.java:1212)\r\n\tat org.testng.TestNG.runSuitesLocally(TestNG.java:1134)\r\n\tat org.testng.TestNG.runSuites(TestNG.java:1063)\r\n\tat org.testng.TestNG.run(TestNG.java:1031)\r\n\tat com.intellij.rt.testng.IDEARemoteTestNG.run(IDEARemoteTestNG.java:66)\r\n\tat com.intellij.rt.testng.RemoteTestNGStarter.main(RemoteTestNGStarter.java:109)\r\n",
  "flaky" : false,
  "newFailed" : false,
  "beforeStages" : [ {
    "name" : "Assign a configuration ",
    "time" : {
      "start" : 1632507549170,
      "stop" : 1632507556408,
      "duration" : 7238
    },
    "description" : "Assign a configuration ",
    "status" : "passed",
    "steps" : [ ],
    "attachments" : [ ],
    "parameters" : [ ],
    "hasContent" : false,
    "stepsCount" : 0,
    "shouldDisplayMessage" : false,
    "attachmentsCount" : 0
  } ],
  "testStage" : {
    "status" : "failed",
    "statusMessage" : "Element should have text '_gender' {body > div.fade.modal.show > div > div > div.modal-body > div > table > tbody > tr:nth-child(3) > td:nth-child(2)}\r\nElement: '<td>Male</td>'\r\nScreenshot: file:/D:/Coding/Test%20Automation/TBC/designPatterns_homework2/build/reports/tests/1632507562762.0.png\r\nTimeout: 4 s.",
    "statusTrace" : "com.codeborne.selenide.ex.SoftAssertionError: Element should have text '_gender' {body > div.fade.modal.show > div > div > div.modal-body > div > table > tbody > tr:nth-child(3) > td:nth-child(2)}\r\nElement: '<td>Male</td>'\r\nScreenshot: file:/D:/Coding/Test%20Automation/TBC/designPatterns_homework2/build/reports/tests/1632507562762.0.png\r\nTimeout: 4 s.\r\n\tat com.codeborne.selenide.logevents.ErrorsCollector.failIfErrors(ErrorsCollector.java:52)\r\n\tat com.codeborne.selenide.testng.SoftAsserts.failIfErrors(SoftAsserts.java:85)\r\n\tat com.codeborne.selenide.testng.SoftAsserts.onTestSuccess(SoftAsserts.java:39)\r\n\tat org.testng.internal.TestListenerHelper.runTestListeners(TestListenerHelper.java:100)\r\n\tat org.testng.internal.TestInvoker.runTestResultListener(TestInvoker.java:219)\r\n\tat org.testng.internal.TestInvoker.invokeMethod(TestInvoker.java:656)\r\n\tat org.testng.internal.TestInvoker.invokeTestMethod(TestInvoker.java:173)\r\n\tat org.testng.internal.MethodRunner.runInSequence(MethodRunner.java:46)\r\n\tat org.testng.internal.TestInvoker$MethodInvocationAgent.invoke(TestInvoker.java:824)\r\n\tat org.testng.internal.TestInvoker.invokeTestMethods(TestInvoker.java:146)\r\n\tat org.testng.internal.TestMethodWorker.invokeTestMethods(TestMethodWorker.java:146)\r\n\tat org.testng.internal.TestMethodWorker.run(TestMethodWorker.java:128)\r\n\tat java.base/java.util.ArrayList.forEach(ArrayList.java:1511)\r\n\tat org.testng.TestRunner.privateRun(TestRunner.java:794)\r\n\tat org.testng.TestRunner.run(TestRunner.java:596)\r\n\tat org.testng.SuiteRunner.runTest(SuiteRunner.java:377)\r\n\tat org.testng.SuiteRunner.runSequentially(SuiteRunner.java:371)\r\n\tat org.testng.SuiteRunner.privateRun(SuiteRunner.java:332)\r\n\tat org.testng.SuiteRunner.run(SuiteRunner.java:276)\r\n\tat org.testng.SuiteRunnerWorker.runSuite(SuiteRunnerWorker.java:53)\r\n\tat org.testng.SuiteRunnerWorker.run(SuiteRunnerWorker.java:96)\r\n\tat org.testng.TestNG.runSuitesSequentially(TestNG.java:1212)\r\n\tat org.testng.TestNG.runSuitesLocally(TestNG.java:1134)\r\n\tat org.testng.TestNG.runSuites(TestNG.java:1063)\r\n\tat org.testng.TestNG.run(TestNG.java:1031)\r\n\tat com.intellij.rt.testng.IDEARemoteTestNG.run(IDEARemoteTestNG.java:66)\r\n\tat com.intellij.rt.testng.RemoteTestNGStarter.main(RemoteTestNGStarter.java:109)\r\n",
    "steps" : [ {
      "name" : "Navigate",
      "time" : {
        "start" : 1632507556541,
        "stop" : 1632507557126,
        "duration" : 585
      },
      "status" : "passed",
      "steps" : [ ],
      "attachments" : [ ],
      "parameters" : [ ],
      "hasContent" : false,
      "stepsCount" : 0,
      "shouldDisplayMessage" : false,
      "attachmentsCount" : 0
    }, {
      "name" : "ClickToForms",
      "time" : {
        "start" : 1632507557128,
        "stop" : 1632507557630,
        "duration" : 502
      },
      "status" : "passed",
      "steps" : [ ],
      "attachments" : [ ],
      "parameters" : [ ],
      "hasContent" : false,
      "stepsCount" : 0,
      "shouldDisplayMessage" : false,
      "attachmentsCount" : 0
    }, {
      "name" : "ClickToPracticeForms",
      "time" : {
        "start" : 1632507557631,
        "stop" : 1632507557951,
        "duration" : 320
      },
      "status" : "passed",
      "steps" : [ ],
      "attachments" : [ ],
      "parameters" : [ ],
      "hasContent" : false,
      "stepsCount" : 0,
      "shouldDisplayMessage" : false,
      "attachmentsCount" : 0
    }, {
      "name" : "FillFirstName",
      "time" : {
        "start" : 1632507557954,
        "stop" : 1632507558073,
        "duration" : 119
      },
      "status" : "passed",
      "steps" : [ ],
      "attachments" : [ ],
      "parameters" : [ {
        "name" : "firstname",
        "value" : "Gio"
      } ],
      "hasContent" : true,
      "stepsCount" : 0,
      "shouldDisplayMessage" : false,
      "attachmentsCount" : 0
    }, {
      "name" : "FillLastName",
      "time" : {
        "start" : 1632507558074,
        "stop" : 1632507558163,
        "duration" : 89
      },
      "status" : "passed",
      "steps" : [ ],
      "attachments" : [ ],
      "parameters" : [ {
        "name" : "lastName",
        "value" : "Bolota"
      } ],
      "hasContent" : true,
      "stepsCount" : 0,
      "shouldDisplayMessage" : false,
      "attachmentsCount" : 0
    }, {
      "name" : "FillGender",
      "time" : {
        "start" : 1632507558163,
        "stop" : 1632507558321,
        "duration" : 158
      },
      "status" : "passed",
      "steps" : [ ],
      "attachments" : [ ],
      "parameters" : [ {
        "name" : "gender",
        "value" : "Male"
      } ],
      "hasContent" : true,
      "stepsCount" : 0,
      "shouldDisplayMessage" : false,
      "attachmentsCount" : 0
    }, {
      "name" : "FillPhoneNumber",
      "time" : {
        "start" : 1632507558321,
        "stop" : 1632507558414,
        "duration" : 93
      },
      "status" : "passed",
      "steps" : [ ],
      "attachments" : [ ],
      "parameters" : [ {
        "name" : "phone",
        "value" : "9995555999"
      } ],
      "hasContent" : true,
      "stepsCount" : 0,
      "shouldDisplayMessage" : false,
      "attachmentsCount" : 0
    }, {
      "name" : "Submit",
      "time" : {
        "start" : 1632507558414,
        "stop" : 1632507558563,
        "duration" : 149
      },
      "status" : "passed",
      "steps" : [ ],
      "attachments" : [ ],
      "parameters" : [ ],
      "hasContent" : false,
      "stepsCount" : 0,
      "shouldDisplayMessage" : false,
      "attachmentsCount" : 0
    }, {
      "name" : "CheckMainText",
      "time" : {
        "start" : 1632507558563,
        "stop" : 1632507558616,
        "duration" : 53
      },
      "status" : "passed",
      "steps" : [ ],
      "attachments" : [ ],
      "parameters" : [ {
        "name" : "text",
        "value" : "Thanks for submitting the form"
      } ],
      "hasContent" : true,
      "stepsCount" : 0,
      "shouldDisplayMessage" : false,
      "attachmentsCount" : 0
    }, {
      "name" : "Type firstname / lastname",
      "time" : {
        "start" : 1632507558618,
        "stop" : 1632507558670,
        "duration" : 52
      },
      "status" : "passed",
      "steps" : [ ],
      "attachments" : [ ],
      "parameters" : [ {
        "name" : "firsName",
        "value" : "Gio"
      }, {
        "name" : "lastName",
        "value" : "Bolota"
      } ],
      "hasContent" : true,
      "stepsCount" : 0,
      "shouldDisplayMessage" : false,
      "attachmentsCount" : 0
    }, {
      "name" : "CheckStudentGenderText",
      "time" : {
        "start" : 1632507558670,
        "stop" : 1632507563043,
        "duration" : 4373
      },
      "status" : "passed",
      "steps" : [ ],
      "attachments" : [ ],
      "parameters" : [ {
        "name" : "gender",
        "value" : "_gender"
      } ],
      "hasContent" : true,
      "stepsCount" : 0,
      "shouldDisplayMessage" : false,
      "attachmentsCount" : 0
    }, {
      "name" : "CheckStudentPhoneNumber",
      "time" : {
        "start" : 1632507563043,
        "stop" : 1632507563084,
        "duration" : 41
      },
      "status" : "passed",
      "steps" : [ ],
      "attachments" : [ ],
      "parameters" : [ {
        "name" : "phone",
        "value" : "9995555999"
      } ],
      "hasContent" : true,
      "stepsCount" : 0,
      "shouldDisplayMessage" : false,
      "attachmentsCount" : 0
    } ],
    "attachments" : [ ],
    "parameters" : [ ],
    "hasContent" : true,
    "stepsCount" : 12,
    "shouldDisplayMessage" : true,
    "attachmentsCount" : 0
  },
  "afterStages" : [ ],
  "labels" : [ {
    "name" : "package",
    "value" : "FluentAPI.FluentDemoqaTests"
  }, {
    "name" : "testClass",
    "value" : "FluentAPI.FluentDemoqaTests"
  }, {
    "name" : "testMethod",
    "value" : "MainTest"
  }, {
    "name" : "parentSuite",
    "value" : "Default Suite"
  }, {
    "name" : "suite",
    "value" : "designPatterns_homework2"
  }, {
    "name" : "subSuite",
    "value" : "FluentAPI.FluentDemoqaTests"
  }, {
    "name" : "host",
    "value" : "DESKTOP-RAKV3PT"
  }, {
    "name" : "thread",
    "value" : "732@DESKTOP-RAKV3PT.main(1)"
  }, {
    "name" : "framework",
    "value" : "testng"
  }, {
    "name" : "language",
    "value" : "java"
  }, {
    "name" : "story",
    "value" : "Base support for annotations"
  }, {
    "name" : "epic",
    "value" : "Allure examples"
  }, {
    "name" : "feature",
    "value" : "selenide support"
  }, {
    "name" : "severity",
    "value" : "normal"
  }, {
    "name" : "resultFormat",
    "value" : "allure2"
  } ],
  "parameters" : [ ],
  "links" : [ ],
  "hidden" : true,
  "retry" : true,
  "extra" : {
    "categories" : [ ],
    "tags" : [ ]
  },
  "source" : "4c6368e0e6930870.json",
  "parameterValues" : [ ]
}